Initialize language server at  file:///home/malek/WebstormProjects/Cinder/
Initialize new ts service at  /home/malek/WebstormProjects/Cinder/tsconfig.json
Trying to load configs for /home/malek/WebstormProjects/Cinder
Loaded config at  /home/malek/WebstormProjects/Cinder/svelte.config.js
SnapshotManager File Statistics:
Project files: 8
Svelte files: 5
From node_modules: 0
Total: 8
Using Svelte v3.46.2 from /home/malek/WebstormProjects/Cinder/node_modules/svelte/compiler
Using Svelte v3.46.2 from /home/malek/WebstormProjects/Cinder/node_modules/svelte/compiler
Using Svelte v3.46.2 from /home/malek/WebstormProjects/Cinder/node_modules/svelte/compiler
Initialize language server at  file:///home/malek/WebstormProjects/Cinder/
Initialize new ts service at  /home/malek/WebstormProjects/Cinder/tsconfig.json
Trying to load configs for /home/malek/WebstormProjects/Cinder
Loaded config at  /home/malek/WebstormProjects/Cinder/svelte.config.js
SnapshotManager File Statistics:
Project files: 8
Svelte files: 5
From node_modules: 0
Total: 8
Using Svelte v3.46.2 from /home/malek/WebstormProjects/Cinder/node_modules/svelte/compiler
Using Svelte v3.46.2 from /home/malek/WebstormProjects/Cinder/node_modules/svelte/compiler
Using Svelte v3.46.2 from /home/malek/WebstormProjects/Cinder/node_modules/svelte/compiler
Using Svelte v3.46.2 from /home/malek/WebstormProjects/Cinder/node_modules/svelte/compiler
Using Svelte v3.46.2 from /home/malek/WebstormProjects/Cinder/node_modules/svelte/compiler
Using Svelte v3.46.2 from /home/malek/WebstormProjects/Cinder/node_modules/svelte/compiler
Using Svelte v3.46.2 from /home/malek/WebstormProjects/Cinder/node_modules/svelte/compiler
Using Svelte v3.46.2 from /home/malek/WebstormProjects/Cinder/node_modules/svelte/compiler
Using Svelte v3.46.2 from /home/malek/WebstormProjects/Cinder/node_modules/svelte/compiler
Using Svelte v3.46.2 from /home/malek/WebstormProjects/Cinder/node_modules/svelte/compiler
Using Svelte v3.46.2 from /home/malek/WebstormProjects/Cinder/node_modules/svelte/compiler
Using Svelte v3.46.2 from /home/malek/WebstormProjects/Cinder/node_modules/svelte/compiler
Using Svelte v3.46.2 from /home/malek/WebstormProjects/Cinder/node_modules/svelte/compiler
Using Svelte v3.46.2 from /home/malek/WebstormProjects/Cinder/node_modules/svelte/compiler
Using Svelte v3.46.2 from /home/malek/WebstormProjects/Cinder/node_modules/svelte/compiler
Using Svelte v3.46.2 from /home/malek/WebstormProjects/Cinder/node_modules/svelte/compiler
Using Svelte v3.46.2 from /home/malek/WebstormProjects/Cinder/node_modules/svelte/compiler
Using Svelte v3.46.2 from /home/malek/WebstormProjects/Cinder/node_modules/svelte/compiler
Using Svelte v3.46.2 from /home/malek/WebstormProjects/Cinder/node_modules/svelte/compiler
Using Svelte v3.46.2 from /home/malek/WebstormProjects/Cinder/node_modules/svelte/compiler
Using Svelte v3.46.2 from /home/malek/WebstormProjects/Cinder/node_modules/svelte/compiler
Using Svelte v3.46.2 from /home/malek/WebstormProjects/Cinder/node_modules/svelte/compiler
Using Svelte v3.46.2 from /home/malek/WebstormProjects/Cinder/node_modules/svelte/compiler
Using Svelte v3.46.2 from /home/malek/WebstormProjects/Cinder/node_modules/svelte/compiler
Using Svelte v3.46.2 from /home/malek/WebstormProjects/Cinder/node_modules/svelte/compiler
Using Svelte v3.46.2 from /home/malek/WebstormProjects/Cinder/node_modules/svelte/compiler
Using Svelte v3.46.2 from /home/malek/WebstormProjects/Cinder/node_modules/svelte/compiler
Using Svelte v3.46.2 from /home/malek/WebstormProjects/Cinder/node_modules/svelte/compiler
Using Svelte v3.46.2 from /home/malek/WebstormProjects/Cinder/node_modules/svelte/compiler
Using Svelte v3.46.2 from /home/malek/WebstormProjects/Cinder/node_modules/svelte/compiler
Using Svelte v3.46.2 from /home/malek/WebstormProjects/Cinder/node_modules/svelte/compiler
Using Svelte v3.46.2 from /home/malek/WebstormProjects/Cinder/node_modules/svelte/compiler
Using Svelte v3.46.2 from /home/malek/WebstormProjects/Cinder/node_modules/svelte/compiler
Using Svelte v3.46.2 from /home/malek/WebstormProjects/Cinder/node_modules/svelte/compiler
Using Svelte v3.46.2 from /home/malek/WebstormProjects/Cinder/node_modules/svelte/compiler
Using Svelte v3.46.2 from /home/malek/WebstormProjects/Cinder/node_modules/svelte/compiler
Using Svelte v3.46.2 from /home/malek/WebstormProjects/Cinder/node_modules/svelte/compiler
Using Svelte v3.46.2 from /home/malek/WebstormProjects/Cinder/node_modules/svelte/compiler
Using Svelte v3.46.2 from /home/malek/WebstormProjects/Cinder/node_modules/svelte/compiler
Using Svelte v3.46.2 from /home/malek/WebstormProjects/Cinder/node_modules/svelte/compiler
Using Svelte v3.46.2 from /home/malek/WebstormProjects/Cinder/node_modules/svelte/compiler
Using Svelte v3.46.2 from /home/malek/WebstormProjects/Cinder/node_modules/svelte/compiler
Using Svelte v3.46.2 from /home/malek/WebstormProjects/Cinder/node_modules/svelte/compiler
Using Svelte v3.46.2 from /home/malek/WebstormProjects/Cinder/node_modules/svelte/compiler
Using Svelte v3.46.2 from /home/malek/WebstormProjects/Cinder/node_modules/svelte/compiler
Initialize language server at  file:///home/malek/WebstormProjects/Cinder/
Initialize new ts service at  /home/malek/WebstormProjects/Cinder/tsconfig.json
Trying to load configs for /home/malek/WebstormProjects/Cinder
Loaded config at  /home/malek/WebstormProjects/Cinder/svelte.config.js
SnapshotManager File Statistics:
Project files: 10
Svelte files: 7
From node_modules: 0
Total: 10
Using Svelte v3.46.2 from /home/malek/WebstormProjects/Cinder/node_modules/svelte/compiler
Using Svelte v3.46.2 from /home/malek/WebstormProjects/Cinder/node_modules/svelte/compiler
Using Svelte v3.46.2 from /home/malek/WebstormProjects/Cinder/node_modules/svelte/compiler
Using Svelte v3.46.2 from /home/malek/WebstormProjects/Cinder/node_modules/svelte/compiler
Using Svelte v3.46.2 from /home/malek/WebstormProjects/Cinder/node_modules/svelte/compiler
Using Svelte v3.46.2 from /home/malek/WebstormProjects/Cinder/node_modules/svelte/compiler
Using Svelte v3.46.2 from /home/malek/WebstormProjects/Cinder/node_modules/svelte/compiler
Using Svelte v3.46.2 from /home/malek/WebstormProjects/Cinder/node_modules/svelte/compiler
Using Svelte v3.46.2 from /home/malek/WebstormProjects/Cinder/node_modules/svelte/compiler
Using Svelte v3.46.2 from /home/malek/WebstormProjects/Cinder/node_modules/svelte/compiler
Using Svelte v3.46.2 from /home/malek/WebstormProjects/Cinder/node_modules/svelte/compiler
Using Svelte v3.46.2 from /home/malek/WebstormProjects/Cinder/node_modules/svelte/compiler
Using Svelte v3.46.2 from /home/malek/WebstormProjects/Cinder/node_modules/svelte/compiler
Using Svelte v3.46.2 from /home/malek/WebstormProjects/Cinder/node_modules/svelte/compiler
Using Svelte v3.46.2 from /home/malek/WebstormProjects/Cinder/node_modules/svelte/compiler
Using Svelte v3.46.2 from /home/malek/WebstormProjects/Cinder/node_modules/svelte/compiler
Using Svelte v3.46.2 from /home/malek/WebstormProjects/Cinder/node_modules/svelte/compiler
Using Svelte v3.46.2 from /home/malek/WebstormProjects/Cinder/node_modules/svelte/compiler
Using Svelte v3.46.2 from /home/malek/WebstormProjects/Cinder/node_modules/svelte/compiler
Using Svelte v3.46.2 from /home/malek/WebstormProjects/Cinder/node_modules/svelte/compiler
Using Svelte v3.46.2 from /home/malek/WebstormProjects/Cinder/node_modules/svelte/compiler
Using Svelte v3.46.2 from /home/malek/WebstormProjects/Cinder/node_modules/svelte/compiler
Using Svelte v3.46.2 from /home/malek/WebstormProjects/Cinder/node_modules/svelte/compiler
Using Svelte v3.46.2 from /home/malek/WebstormProjects/Cinder/node_modules/svelte/compiler
Using Svelte v3.46.2 from /home/malek/WebstormProjects/Cinder/node_modules/svelte/compiler
Using Svelte v3.46.2 from /home/malek/WebstormProjects/Cinder/node_modules/svelte/compiler
SnapshotManager File Statistics:
Project files: 10
Svelte files: 8
From node_modules: 167
Total: 178
Using Svelte v3.46.2 from /home/malek/WebstormProjects/Cinder/node_modules/svelte/compiler
Using Svelte v3.46.2 from /home/malek/WebstormProjects/Cinder/node_modules/svelte/compiler
Using Svelte v3.46.2 from /home/malek/WebstormProjects/Cinder/node_modules/svelte/compiler
Using Svelte v3.46.2 from /home/malek/WebstormProjects/Cinder/node_modules/svelte/compiler
Using Svelte v3.46.2 from /home/malek/WebstormProjects/Cinder/node_modules/svelte/compiler
Using Svelte v3.46.2 from /home/malek/WebstormProjects/Cinder/node_modules/svelte/compiler
Using Svelte v3.46.2 from /home/malek/WebstormProjects/Cinder/node_modules/svelte/compiler
Using Svelte v3.46.2 from /home/malek/WebstormProjects/Cinder/node_modules/svelte/compiler
Using Svelte v3.46.2 from /home/malek/WebstormProjects/Cinder/node_modules/svelte/compiler
Using Svelte v3.46.2 from /home/malek/WebstormProjects/Cinder/node_modules/svelte/compiler
Using Svelte v3.46.2 from /home/malek/WebstormProjects/Cinder/node_modules/svelte/compiler
Using Svelte v3.46.2 from /home/malek/WebstormProjects/Cinder/node_modules/svelte/compiler
Using Svelte v3.46.2 from /home/malek/WebstormProjects/Cinder/node_modules/svelte/compiler
Using Svelte v3.46.2 from /home/malek/WebstormProjects/Cinder/node_modules/svelte/compiler
Using Svelte v3.46.2 from /home/malek/WebstormProjects/Cinder/node_modules/svelte/compiler
Using Svelte v3.46.2 from /home/malek/WebstormProjects/Cinder/node_modules/svelte/compiler
Using Svelte v3.46.2 from /home/malek/WebstormProjects/Cinder/node_modules/svelte/compiler
Using Svelte v3.46.2 from /home/malek/WebstormProjects/Cinder/node_modules/svelte/compiler
Using Svelte v3.46.2 from /home/malek/WebstormProjects/Cinder/node_modules/svelte/compiler
Using Svelte v3.46.2 from /home/malek/WebstormProjects/Cinder/node_modules/svelte/compiler
Using Svelte v3.46.2 from /home/malek/WebstormProjects/Cinder/node_modules/svelte/compiler
Using Svelte v3.46.2 from /home/malek/WebstormProjects/Cinder/node_modules/svelte/compiler
Using Svelte v3.46.2 from /home/malek/WebstormProjects/Cinder/node_modules/svelte/compiler
Using Svelte v3.46.2 from /home/malek/WebstormProjects/Cinder/node_modules/svelte/compiler
Using Svelte v3.46.2 from /home/malek/WebstormProjects/Cinder/node_modules/svelte/compiler
Using Svelte v3.46.2 from /home/malek/WebstormProjects/Cinder/node_modules/svelte/compiler
Using Svelte v3.46.2 from /home/malek/WebstormProjects/Cinder/node_modules/svelte/compiler
Using Svelte v3.46.2 from /home/malek/WebstormProjects/Cinder/node_modules/svelte/compiler
Using Svelte v3.46.2 from /home/malek/WebstormProjects/Cinder/node_modules/svelte/compiler
Using Svelte v3.46.2 from /home/malek/WebstormProjects/Cinder/node_modules/svelte/compiler
SnapshotManager File Statistics:
Project files: 10
Svelte files: 8
From node_modules: 167
Total: 178
Using Svelte v3.46.2 from /home/malek/WebstormProjects/Cinder/node_modules/svelte/compiler
Using Svelte v3.46.2 from /home/malek/WebstormProjects/Cinder/node_modules/svelte/compiler
Using Svelte v3.46.2 from /home/malek/WebstormProjects/Cinder/node_modules/svelte/compiler
Using Svelte v3.46.2 from /home/malek/WebstormProjects/Cinder/node_modules/svelte/compiler
Using Svelte v3.46.2 from /home/malek/WebstormProjects/Cinder/node_modules/svelte/compiler
Using Svelte v3.46.2 from /home/malek/WebstormProjects/Cinder/node_modules/svelte/compiler
Using Svelte v3.46.2 from /home/malek/WebstormProjects/Cinder/node_modules/svelte/compiler
Using Svelte v3.46.2 from /home/malek/WebstormProjects/Cinder/node_modules/svelte/compiler
Using Svelte v3.46.2 from /home/malek/WebstormProjects/Cinder/node_modules/svelte/compiler
Using Svelte v3.46.2 from /home/malek/WebstormProjects/Cinder/node_modules/svelte/compiler
Using Svelte v3.46.2 from /home/malek/WebstormProjects/Cinder/node_modules/svelte/compiler
Using Svelte v3.46.2 from /home/malek/WebstormProjects/Cinder/node_modules/svelte/compiler
Using Svelte v3.46.2 from /home/malek/WebstormProjects/Cinder/node_modules/svelte/compiler
Using Svelte v3.46.2 from /home/malek/WebstormProjects/Cinder/node_modules/svelte/compiler
Using Svelte v3.46.2 from /home/malek/WebstormProjects/Cinder/node_modules/svelte/compiler
Using Svelte v3.46.2 from /home/malek/WebstormProjects/Cinder/node_modules/svelte/compiler
Using Svelte v3.46.2 from /home/malek/WebstormProjects/Cinder/node_modules/svelte/compiler
Using Svelte v3.46.2 from /home/malek/WebstormProjects/Cinder/node_modules/svelte/compiler
Using Svelte v3.46.2 from /home/malek/WebstormProjects/Cinder/node_modules/svelte/compiler
Using Svelte v3.46.2 from /home/malek/WebstormProjects/Cinder/node_modules/svelte/compiler
Using Svelte v3.46.2 from /home/malek/WebstormProjects/Cinder/node_modules/svelte/compiler
Using Svelte v3.46.2 from /home/malek/WebstormProjects/Cinder/node_modules/svelte/compiler
Using Svelte v3.46.2 from /home/malek/WebstormProjects/Cinder/node_modules/svelte/compiler
Using Svelte v3.46.2 from /home/malek/WebstormProjects/Cinder/node_modules/svelte/compiler
Using Svelte v3.46.2 from /home/malek/WebstormProjects/Cinder/node_modules/svelte/compiler
Using Svelte v3.46.2 from /home/malek/WebstormProjects/Cinder/node_modules/svelte/compiler
Using Svelte v3.46.2 from /home/malek/WebstormProjects/Cinder/node_modules/svelte/compiler
Using Svelte v3.46.2 from /home/malek/WebstormProjects/Cinder/node_modules/svelte/compiler
Using Svelte v3.46.2 from /home/malek/WebstormProjects/Cinder/node_modules/svelte/compiler
Using Svelte v3.46.2 from /home/malek/WebstormProjects/Cinder/node_modules/svelte/compiler
SnapshotManager File Statistics:
Project files: 10
Svelte files: 8
From node_modules: 167
Total: 178
Using Svelte v3.46.2 from /home/malek/WebstormProjects/Cinder/node_modules/svelte/compiler
Using Svelte v3.46.2 from /home/malek/WebstormProjects/Cinder/node_modules/svelte/compiler
Using Svelte v3.46.2 from /home/malek/WebstormProjects/Cinder/node_modules/svelte/compiler
Using Svelte v3.46.2 from /home/malek/WebstormProjects/Cinder/node_modules/svelte/compiler
Using Svelte v3.46.2 from /home/malek/WebstormProjects/Cinder/node_modules/svelte/compiler
Using Svelte v3.46.2 from /home/malek/WebstormProjects/Cinder/node_modules/svelte/compiler
Using Svelte v3.46.2 from /home/malek/WebstormProjects/Cinder/node_modules/svelte/compiler
Using Svelte v3.46.2 from /home/malek/WebstormProjects/Cinder/node_modules/svelte/compiler
Using Svelte v3.46.2 from /home/malek/WebstormProjects/Cinder/node_modules/svelte/compiler
Using Svelte v3.46.2 from /home/malek/WebstormProjects/Cinder/node_modules/svelte/compiler
Using Svelte v3.46.2 from /home/malek/WebstormProjects/Cinder/node_modules/svelte/compiler
Using Svelte v3.46.2 from /home/malek/WebstormProjects/Cinder/node_modules/svelte/compiler
Using Svelte v3.46.2 from /home/malek/WebstormProjects/Cinder/node_modules/svelte/compiler
Using Svelte v3.46.2 from /home/malek/WebstormProjects/Cinder/node_modules/svelte/compiler
Using Svelte v3.46.2 from /home/malek/WebstormProjects/Cinder/node_modules/svelte/compiler
Using Svelte v3.46.2 from /home/malek/WebstormProjects/Cinder/node_modules/svelte/compiler
Using Svelte v3.46.2 from /home/malek/WebstormProjects/Cinder/node_modules/svelte/compiler
Using Svelte v3.46.2 from /home/malek/WebstormProjects/Cinder/node_modules/svelte/compiler
Using Svelte v3.46.2 from /home/malek/WebstormProjects/Cinder/node_modules/svelte/compiler
Using Svelte v3.46.2 from /home/malek/WebstormProjects/Cinder/node_modules/svelte/compiler
Using Svelte v3.46.2 from /home/malek/WebstormProjects/Cinder/node_modules/svelte/compiler
Using Svelte v3.46.2 from /home/malek/WebstormProjects/Cinder/node_modules/svelte/compiler
Using Svelte v3.46.2 from /home/malek/WebstormProjects/Cinder/node_modules/svelte/compiler
Using Svelte v3.46.2 from /home/malek/WebstormProjects/Cinder/node_modules/svelte/compiler
Using Svelte v3.46.2 from /home/malek/WebstormProjects/Cinder/node_modules/svelte/compiler
Using Svelte v3.46.2 from /home/malek/WebstormProjects/Cinder/node_modules/svelte/compiler
Using Svelte v3.46.2 from /home/malek/WebstormProjects/Cinder/node_modules/svelte/compiler
Using Svelte v3.46.2 from /home/malek/WebstormProjects/Cinder/node_modules/svelte/compiler
Using Svelte v3.46.2 from /home/malek/WebstormProjects/Cinder/node_modules/svelte/compiler
Using Svelte v3.46.2 from /home/malek/WebstormProjects/Cinder/node_modules/svelte/compiler
Using Svelte v3.46.2 from /home/malek/WebstormProjects/Cinder/node_modules/svelte/compiler
Using Svelte v3.46.2 from /home/malek/WebstormProjects/Cinder/node_modules/svelte/compiler
Using Svelte v3.46.2 from /home/malek/WebstormProjects/Cinder/node_modules/svelte/compiler
Using Svelte v3.46.2 from /home/malek/WebstormProjects/Cinder/node_modules/svelte/compiler
Using Svelte v3.46.2 from /home/malek/WebstormProjects/Cinder/node_modules/svelte/compiler
Using Svelte v3.46.2 from /home/malek/WebstormProjects/Cinder/node_modules/svelte/compiler
Using Svelte v3.46.2 from /home/malek/WebstormProjects/Cinder/node_modules/svelte/compiler
Using Svelte v3.46.2 from /home/malek/WebstormProjects/Cinder/node_modules/svelte/compiler
Using Svelte v3.46.2 from /home/malek/WebstormProjects/Cinder/node_modules/svelte/compiler
SnapshotManager File Statistics:
Project files: 10
Svelte files: 8
From node_modules: 167
Total: 178
Using Svelte v3.46.2 from /home/malek/WebstormProjects/Cinder/node_modules/svelte/compiler
Using Svelte v3.46.2 from /home/malek/WebstormProjects/Cinder/node_modules/svelte/compiler
Using Svelte v3.46.2 from /home/malek/WebstormProjects/Cinder/node_modules/svelte/compiler
Using Svelte v3.46.2 from /home/malek/WebstormProjects/Cinder/node_modules/svelte/compiler
Using Svelte v3.46.2 from /home/malek/WebstormProjects/Cinder/node_modules/svelte/compiler
Using Svelte v3.46.2 from /home/malek/WebstormProjects/Cinder/node_modules/svelte/compiler
Using Svelte v3.46.2 from /home/malek/WebstormProjects/Cinder/node_modules/svelte/compiler
Using Svelte v3.46.2 from /home/malek/WebstormProjects/Cinder/node_modules/svelte/compiler
Using Svelte v3.46.2 from /home/malek/WebstormProjects/Cinder/node_modules/svelte/compiler
Using Svelte v3.46.2 from /home/malek/WebstormProjects/Cinder/node_modules/svelte/compiler
Using Svelte v3.46.2 from /home/malek/WebstormProjects/Cinder/node_modules/svelte/compiler
Using Svelte v3.46.2 from /home/malek/WebstormProjects/Cinder/node_modules/svelte/compiler
Using Svelte v3.46.2 from /home/malek/WebstormProjects/Cinder/node_modules/svelte/compiler
Using Svelte v3.46.2 from /home/malek/WebstormProjects/Cinder/node_modules/svelte/compiler
Using Svelte v3.46.2 from /home/malek/WebstormProjects/Cinder/node_modules/svelte/compiler
Using Svelte v3.46.2 from /home/malek/WebstormProjects/Cinder/node_modules/svelte/compiler
Using Svelte v3.46.2 from /home/malek/WebstormProjects/Cinder/node_modules/svelte/compiler
Using Svelte v3.46.2 from /home/malek/WebstormProjects/Cinder/node_modules/svelte/compiler
Using Svelte v3.46.2 from /home/malek/WebstormProjects/Cinder/node_modules/svelte/compiler
Using Svelte v3.46.2 from /home/malek/WebstormProjects/Cinder/node_modules/svelte/compiler
Using Svelte v3.46.2 from /home/malek/WebstormProjects/Cinder/node_modules/svelte/compiler
Using Svelte v3.46.2 from /home/malek/WebstormProjects/Cinder/node_modules/svelte/compiler
Using Svelte v3.46.2 from /home/malek/WebstormProjects/Cinder/node_modules/svelte/compiler
Using Svelte v3.46.2 from /home/malek/WebstormProjects/Cinder/node_modules/svelte/compiler
Using Svelte v3.46.2 from /home/malek/WebstormProjects/Cinder/node_modules/svelte/compiler
Using Svelte v3.46.2 from /home/malek/WebstormProjects/Cinder/node_modules/svelte/compiler
Using Svelte v3.46.2 from /home/malek/WebstormProjects/Cinder/node_modules/svelte/compiler
Using Svelte v3.46.2 from /home/malek/WebstormProjects/Cinder/node_modules/svelte/compiler
Using Svelte v3.46.2 from /home/malek/WebstormProjects/Cinder/node_modules/svelte/compiler
Using Svelte v3.46.2 from /home/malek/WebstormProjects/Cinder/node_modules/svelte/compiler
Using Svelte v3.46.2 from /home/malek/WebstormProjects/Cinder/node_modules/svelte/compiler
Using Svelte v3.46.2 from /home/malek/WebstormProjects/Cinder/node_modules/svelte/compiler
Using Svelte v3.46.2 from /home/malek/WebstormProjects/Cinder/node_modules/svelte/compiler
Using Svelte v3.46.2 from /home/malek/WebstormProjects/Cinder/node_modules/svelte/compiler
Using Svelte v3.46.2 from /home/malek/WebstormProjects/Cinder/node_modules/svelte/compiler
Using Svelte v3.46.2 from /home/malek/WebstormProjects/Cinder/node_modules/svelte/compiler
Using Svelte v3.46.2 from /home/malek/WebstormProjects/Cinder/node_modules/svelte/compiler
